# JRE version: OpenJDK Runtime Environment (21.0.4) (build 21.0.4+-12508038-b607.1)
# Java VM: OpenJDK 64-Bit Server VM (21.0.4+-12508038-b607.1, mixed mode, tiered, compressed oops, compressed class ptrs, g1 gc, windows-amd64)
GC Precious Log:
 CardTable entry size: 512
 Card Set container configuration: InlinePtr #cards 5 size 8 Array Of Cards #cards 12 size 40 Howl #buckets 4 coarsen threshold 1843 Howl Bitmap #cards 512 size 80 coarsen threshold 460 Card regions per heap region 1 cards per card region 2048
 CPUs: 8 total, 8 available
 Memory: 7860M
 Large Page Support: Disabled
 NUMA Support: Disabled
 Compressed Oops: Enabled (32-bit)
 Heap Region Size: 1M
 Heap Min Capacity: 8M
 Heap Initial Capacity: 124M
 Heap Max Capacity: 1966M
 Pre-touch: Disabled
 Parallel Workers: 8
 Concurrent Workers: 2
 Concurrent Refinement Workers: 8
 Periodic GC: Disabled
Heap:
 garbage-first heap   total 66560K, used 51884K [0x0000000085200000, 0x0000000100000000)
  region size 1024K, 3 young (3072K), 2 survivors (2048K)
 Metaspace       used 50590K, committed 50880K, reserved 1114112K
  class space    used 5828K, committed 5952K, reserved 1048576K
GC Heap History (20 events):
Event: 2.760 GC heap before
{Heap before GC invocations=10 (full 0):
 garbage-first heap   total 49152K, used 40630K [0x0000000085200000, 0x0000000100000000)
  region size 1024K, 23 young (23552K), 1 survivors (1024K)
 Metaspace       used 41721K, committed 42048K, reserved 1114112K
  class space    used 4902K, committed 5056K, reserved 1048576K
}
Event: 2.764 GC heap after
{Heap after GC invocations=11 (full 0):
 garbage-first heap   total 49152K, used 20064K [0x0000000085200000, 0x0000000100000000)
  region size 1024K, 2 young (2048K), 2 survivors (2048K)
 Metaspace       used 41721K, committed 42048K, reserved 1114112K
  class space    used 4902K, committed 5056K, reserved 1048576K
}
Event: 3.320 GC heap before
{Heap before GC invocations=11 (full 0):
 garbage-first heap   total 49152K, used 42592K [0x0000000085200000, 0x0000000100000000)
  region size 1024K, 24 young (24576K), 2 survivors (2048K)
 Metaspace       used 44905K, committed 45184K, reserved 1114112K
  class space    used 5193K, committed 5312K, reserved 1048576K
}
Event: 3.330 GC heap after
{Heap after GC invocations=12 (full 0):
 garbage-first heap   total 50176K, used 24481K [0x0000000085200000, 0x0000000100000000)
  region size 1024K, 3 young (3072K), 3 survivors (3072K)
 Metaspace       used 44905K, committed 45184K, reserved 1114112K
  class space    used 5193K, committed 5312K, reserved 1048576K
}
Event: 3.650 GC heap before
{Heap before GC invocations=12 (full 0):
 garbage-first heap   total 50176K, used 40865K [0x0000000085200000, 0x0000000100000000)
  region size 1024K, 20 young (20480K), 3 survivors (3072K)
 Metaspace       used 47252K, committed 47552K, reserved 1114112K
  class space    used 5436K, committed 5568K, reserved 1048576K
}
Event: 3.661 GC heap after
{Heap after GC invocations=13 (full 0):
 garbage-first heap   total 50176K, used 27835K [0x0000000085200000, 0x0000000100000000)
  region size 1024K, 3 young (3072K), 3 survivors (3072K)
 Metaspace       used 47252K, committed 47552K, reserved 1114112K
  class space    used 5436K, committed 5568K, reserved 1048576K
}
Event: 3.990 GC heap before
{Heap before GC invocations=13 (full 0):
 garbage-first heap   total 50176K, used 42171K [0x0000000085200000, 0x0000000100000000)
  region size 1024K, 17 young (17408K), 3 survivors (3072K)
 Metaspace       used 48901K, committed 49152K, reserved 1114112K
  class space    used 5619K, committed 5760K, reserved 1048576K
}
Event: 3.999 GC heap after
{Heap after GC invocations=14 (full 0):
 garbage-first heap   total 50176K, used 31270K [0x0000000085200000, 0x0000000100000000)
  region size 1024K, 3 young (3072K), 3 survivors (3072K)
 Metaspace       used 48901K, committed 49152K, reserved 1114112K
  class space    used 5619K, committed 5760K, reserved 1048576K
}
Event: 4.194 GC heap before
{Heap before GC invocations=15 (full 0):
 garbage-first heap   total 53248K, used 41510K [0x0000000085200000, 0x0000000100000000)
  region size 1024K, 14 young (14336K), 3 survivors (3072K)
 Metaspace       used 48946K, committed 49280K, reserved 1114112K
  class space    used 5625K, committed 5760K, reserved 1048576K
}
Event: 4.201 GC heap after
{Heap after GC invocations=16 (full 0):
 garbage-first heap   total 53248K, used 35526K [0x0000000085200000, 0x0000000100000000)
  region size 1024K, 2 young (2048K), 2 survivors (2048K)
 Metaspace       used 48946K, committed 49280K, reserved 1114112K
  class space    used 5625K, committed 5760K, reserved 1048576K
}
Event: 4.374 GC heap before
{Heap before GC invocations=16 (full 0):
 garbage-first heap   total 53248K, used 45766K [0x0000000085200000, 0x0000000100000000)
  region size 1024K, 12 young (12288K), 2 survivors (2048K)
 Metaspace       used 49347K, committed 49600K, reserved 1114112K
  class space    used 5660K, committed 5760K, reserved 1048576K
}
Event: 4.380 GC heap after
{Heap after GC invocations=17 (full 0):
 garbage-first heap   total 65536K, used 37391K [0x0000000085200000, 0x0000000100000000)
  region size 1024K, 2 young (2048K), 2 survivors (2048K)
 Metaspace       used 49347K, committed 49600K, reserved 1114112K
  class space    used 5660K, committed 5760K, reserved 1048576K
}
Event: 4.457 GC heap before
{Heap before GC invocations=17 (full 0):
 garbage-first heap   total 65536K, used 39439K [0x0000000085200000, 0x0000000100000000)
  region size 1024K, 5 young (5120K), 2 survivors (2048K)
 Metaspace       used 49598K, committed 49920K, reserved 1114112K
  class space    used 5701K, committed 5824K, reserved 1048576K
}
Event: 4.461 GC heap after
{Heap after GC invocations=18 (full 0):
 garbage-first heap   total 65536K, used 38301K [0x0000000085200000, 0x0000000100000000)
  region size 1024K, 1 young (1024K), 1 survivors (1024K)
 Metaspace       used 49598K, committed 49920K, reserved 1114112K
  class space    used 5701K, committed 5824K, reserved 1048576K
}
Event: 4.589 GC heap before
{Heap before GC invocations=19 (full 0):
 garbage-first heap   total 66560K, used 55709K [0x0000000085200000, 0x0000000100000000)
  region size 1024K, 17 young (17408K), 1 survivors (1024K)
 Metaspace       used 49610K, committed 49920K, reserved 1114112K
  class space    used 5701K, committed 5824K, reserved 1048576K
}
Event: 4.596 GC heap after
{Heap after GC invocations=20 (full 0):
 garbage-first heap   total 66560K, used 45757K [0x0000000085200000, 0x0000000100000000)
  region size 1024K, 3 young (3072K), 3 survivors (3072K)
 Metaspace       used 49610K, committed 49920K, reserved 1114112K
  class space    used 5701K, committed 5824K, reserved 1048576K
}
Event: 4.684 GC heap before
{Heap before GC invocations=20 (full 0):
 garbage-first heap   total 66560K, used 57021K [0x0000000085200000, 0x0000000100000000)
  region size 1024K, 14 young (14336K), 3 survivors (3072K)
 Metaspace       used 49653K, committed 49920K, reserved 1114112K
  class space    used 5706K, committed 5824K, reserved 1048576K
}
Event: 4.693 GC heap after
{Heap after GC invocations=21 (full 0):
 garbage-first heap   total 66560K, used 49569K [0x0000000085200000, 0x0000000100000000)
  region size 1024K, 2 young (2048K), 2 survivors (2048K)
 Metaspace       used 49653K, committed 49920K, reserved 1114112K
  class space    used 5706K, committed 5824K, reserved 1048576K
}
Event: 4.986 GC heap before
{Heap before GC invocations=21 (full 0):
 garbage-first heap   total 66560K, used 57761K [0x0000000085200000, 0x0000000100000000)
  region size 1024K, 10 young (10240K), 2 survivors (2048K)
 Metaspace       used 50586K, committed 50880K, reserved 1114112K
  class space    used 5827K, committed 5952K, reserved 1048576K
}
Event: 4.992 GC heap after
{Heap after GC invocations=22 (full 0):
 garbage-first heap   total 66560K, used 51884K [0x0000000085200000, 0x0000000100000000)
  region size 1024K, 2 young (2048K), 2 survivors (2048K)
 Metaspace       used 50586K, committed 50880K, reserved 1114112K
  class space    used 5827K, committed 5952K, reserved 1048576K
}

